T: 298.150000 K and P: 101325.000000 Pa

Spin multiplicity: 0

symcalc=true

Number of atoms: 24

o (8): Masses: 15.999000 u, o (8): Masses: 15.999000 u, c (6): Masses: 12.010700 u, c (6): Masses: 12.010700 u, c (6): Masses: 12.010700 u, c (6): Masses: 12.010700 u, c (6): Masses: 12.010700 u, c (6): Masses: 12.010700 u, c (6): Masses: 12.010700 u, c (6): Masses: 12.010700 u, c (6): Masses: 12.010700 u, c (6): Masses: 12.010700 u, c (6): Masses: 12.010700 u, h (1): Masses: 1.007840 u, c (6): Masses: 12.010700 u, c (6): Masses: 12.010700 u, c (6): Masses: 12.010700 u, h (1): Masses: 1.007840 u, h (1): Masses: 1.007840 u, h (1): Masses: 1.007840 u, h (1): Masses: 1.007840 u, h (1): Masses: 1.007840 u, h (1): Masses: 1.007840 u, h (1): Masses: 1.007840 u, 

Sum of the Mass: 208.210520 u

Molecule has the following symmetry elements: (i) 3*(C2) 3*(sigma) 
It seems to be the D2h point group
Rotational symmetry number: 4

Geometry output:
x axis coordinates in Angstrom:
3.000000e-08 -1.000000e-08 -3.709431e+00 -2.503582e+00 -1.281524e+00 -1.281522e+00 -2.503586e+00 -3.709428e+00 4.000000e-08 -3.000000e-08 1.281523e+00 1.281523e+00 2.503583e+00 2.484947e+00 3.709430e+00 3.709429e+00 2.503585e+00 -4.651515e+00 -2.484947e+00 -2.484947e+00 -4.651515e+00 4.651515e+00 4.651515e+00 2.484947e+00 

y axis coordinates in Angstrom:
-6.000000e-07 3.200000e-07 -4.100000e-07 5.500000e-07 6.400000e-07 -4.800000e-07 -2.180000e-06 -1.960000e-06 2.350000e-06 1.030000e-06 5.640000e-06 6.770000e-06 1.200000e-05 1.319000e-05 1.569000e-05 1.410000e-05 9.240000e-06 1.500000e-07 1.570000e-06 -3.340000e-06 -2.790000e-06 1.973000e-05 1.672000e-05 8.210000e-06 

z axis coordinates in Angstrom:
-2.149063e+00 -7.563760e+00 -5.555415e+00 -6.253440e+00 -5.563296e+00 -4.149528e+00 -3.459384e+00 -4.157407e+00 -6.333219e+00 -3.379604e+00 -4.149527e+00 -5.563296e+00 -6.253440e+00 -7.340303e+00 -5.555415e+00 -4.157407e+00 -3.459384e+00 -6.097876e+00 -7.340303e+00 -2.372520e+00 -3.614947e+00 -6.097876e+00 -3.614947e+00 -2.372520e+00 

Geometry relocated to the mass center:

x axis coordinates in Angstrom:
2.187578e-08 -1.812422e-08 -3.709431e+00 -2.503582e+00 -1.281524e+00 -1.281522e+00 -2.503586e+00 -3.709428e+00 3.187578e-08 -3.812422e-08 1.281523e+00 1.281523e+00 2.503583e+00 2.484947e+00 3.709430e+00 3.709429e+00 2.503585e+00 -4.651515e+00 -2.484947e+00 -2.484947e+00 -4.651515e+00 4.651515e+00 4.651515e+00 2.484947e+00 

y axis coordinates in Angstrom:
-4.470185e-06 -3.550185e-06 -4.280185e-06 -3.320185e-06 -3.230185e-06 -4.350185e-06 -6.050185e-06 -5.830185e-06 -1.520185e-06 -2.840185e-06 1.769815e-06 2.899815e-06 8.129815e-06 9.319815e-06 1.181982e-05 1.022982e-05 5.369815e-06 -3.720185e-06 -2.300185e-06 -7.210185e-06 -6.660185e-06 1.585982e-05 1.284982e-05 4.339815e-06 

z axis coordinates in Angstrom:
2.707349e+00 -2.707348e+00 -6.990035e-01 -1.397029e+00 -7.068844e-01 7.068839e-01 1.397028e+00 6.990044e-01 -1.476808e+00 1.476807e+00 7.068841e-01 -7.068843e-01 -1.397028e+00 -2.483892e+00 -6.990039e-01 6.990041e-01 1.397028e+00 -1.241464e+00 -2.483891e+00 2.483892e+00 1.241464e+00 -1.241464e+00 1.241464e+00 2.483892e+00 

inertia tensor in Angstrom:
459.257093 -0.002550 0.000022 
-0.002550 1612.467955 0.000233 
0.000022 0.000233 1153.210862 

Eigenvalues in Angstrom: 1612.467954837569 459.257092782463 1153.210862058361

rotTempXYZ in K^3: 0.000016707603

rotation temperature in K: 0.015041766888 0.052812177475 0.021032031425

rotation constants in GHz: 0.313419567580 1.100427227111 0.438236428193

qr: 558097.517345334752, Sr: 29.276067416661 cal/ mol K, Er:  0.001416277301 H/Particle, Cr: 2.980806387906 cal/ mol K

qv: 0.000000000000, Sv: 32.563016022857 cal/ mol K, Ev:  0.184638043389 H/Particle, Cv: 40.891753423744 cal/ mol K, EZP: 0.175859413726

qt: 118088604.967066958547, St: 41.904068475251 cal/ mol K, Et:  0.001416277301 H/Particle, Ct: 2.980806387906 cal/ mol K

qe: 1.000000000000, Se: 0.000000000000 cal/ mol K, Ee:  0.000000000000 H/Particle, Ce: 0.000000000000 cal/ mol K

Etot: 0.187470597992 H/Particle, Stot: 103.743151914769 cal/ mol K,Ctot: 46.853366199557 cal/ mol K

Hcorr: 0.188414782860 in H/Particle, Gcorr: 0.139123063735 in H/Particle

Electronic Energy E0: -33.605245 H/Particle

Zero-Point Energy: 0.175859413726 in H/Particle

Sum of electronic and zero-point Energy: -33.429385385874 in H/Particle

Total Energy: -33.417774201608 in H/Particle

Total Enthalpy: -33.416830016740 in H/Particle

Total Free Energy: -33.466121735865 in H/Particle

