Enter the symmetry number for rotation sigma_r: 4
Enter the electronic spin multiplicity of the molecule s: 0
If it is a linear Molecule enter 5, if it is not enter 6: 6
Total Energy: -33.6052447996 in H


Atomsorten: ['O' 'O' 'C' 'C' 'C' 'C' 'C' 'C' 'C' 'C' 'C' 'C' 'C' 'H' 'C' 'C' 'C' 'H'
 'H' 'H' 'H' 'H' 'H' 'H']


x-Koordinaten in Angstrom: [ 3.00000000e-08 -1.00000000e-08 -3.70943130e+00 -2.50358224e+00
 -1.28152402e+00 -1.28152226e+00 -2.50358591e+00 -3.70942822e+00
  4.00000000e-08 -3.00000000e-08  1.28152286e+00  1.28152346e+00
  2.50358346e+00  2.48494730e+00  3.70943026e+00  3.70942928e+00
  2.50358473e+00 -4.65151464e+00 -2.48494736e+00 -2.48494723e+00
 -4.65151524e+00  4.65151483e+00  4.65151507e+00  2.48494732e+00]


y-Koordinaten in Angstrom: [-6.000e-07  3.200e-07 -4.100e-07  5.500e-07  6.400e-07 -4.800e-07
 -2.180e-06 -1.960e-06  2.350e-06  1.030e-06  5.640e-06  6.770e-06
  1.200e-05  1.319e-05  1.569e-05  1.410e-05  9.240e-06  1.500e-07
  1.570e-06 -3.340e-06 -2.790e-06  1.973e-05  1.672e-05  8.210e-06]


z-Koordinaten in Angstrom: [-2.14906255 -7.56375986 -5.55541507 -6.25344004 -5.56329596 -4.14952765
 -3.45938372 -4.15740715 -6.33321909 -3.37960436 -4.14952745 -5.56329581
 -6.25343979 -7.34030311 -5.5554154  -4.15740743 -3.45938351 -6.09787561
 -7.34030301 -2.37251966 -3.61494721 -6.0978757  -3.61494731 -2.37251974]


Anzahl der Atome: 24.0
Anzahl der Zeilen: 24


Masse der Atome: [['H' 'O' 'C' 'N']
 ['1.00783' '15.99491' '12.0' '14.01']] in u


Zudordnung der Massen (in u) zu den Atomen:[15.99491 15.99491 12.      12.      12.      12.      12.      12.
 12.      12.      12.      12.      12.       1.00783 12.      12.
 12.       1.00783  1.00783  1.00783  1.00783  1.00783  1.00783  1.00783]


Summe Masse (in u):208.05246


Massenträgheitstensor in u °A²: 
[[ 5.36588604e+03 -2.54828915e-03  2.98640639e-05]
 [-2.54828915e-03  6.51816831e+03  4.14298579e-03]
 [ 2.98640639e-05  4.14298579e-03  1.15228227e+03]]


Eigenwerte und Eigenvektoren in u °A²: EigResult(eigenvalues=array([5365.88603989, 6518.16830903, 1152.28226914]), eigenvectors=array([[ 1.00000000e+00,  2.21151466e-06, -7.08800188e-09],
       [ 2.21151465e-06, -1.00000000e+00, -7.72097240e-07],
       [ 7.08970938e-09, -7.72097225e-07,  1.00000000e+00]]))


Eigenwert berechnet in u °A²:[5365.88603989 6518.16830903 1152.28226914]
Eigenvektor in u °A²: [[ 1.00000000e+00  2.21151466e-06 -7.08800188e-09]
 [ 2.21151465e-06 -1.00000000e+00 -7.72097240e-07]
 [ 7.08970938e-09 -7.72097225e-07  1.00000000e+00]]


Rot_temp_xyz: 3.540331624415244e-07
Rotationsanteil: Rot_temp in K:[0.0045201  0.00372104 0.02104898],      Rot_const in GHz:[0.0941837  0.0775339  0.43858959]


q_r: 3833938.9519502223, E_r: 0.0014162773014403315 in H/Particle, S_r: 33.10563714312922 in cal/(mol K),     C_r: 2.9808063879063096 in cal/(mol K)


Frequenzen in cm⁻1:[  40.6   108.63  118.2   141.    209.64  219.95  276.26  358.97  377.28
  379.24  388.19  411.7   427.83  464.46  485.29  618.69  635.09  644.3
  661.54  698.61  698.95  704.77  740.13  781.93  782.46  805.89  861.01
  866.13  909.29  911.39  914.83  915.45  946.39  990.7  1076.51 1078.01
 1112.02 1113.59 1148.51 1149.87 1185.88 1223.59 1224.34 1264.23 1304.54
 1316.7  1433.52 1443.01 1521.97 1526.72 1555.94 1565.26 1674.86 1675.35
 1717.2  1732.93 1736.2  1758.52 3009.16 3009.32 3016.25 3018.05 3022.3
 3024.16 3029.   3031.06]


Summe vib_temp_K:55532.01073241853
vib_temp: [  58.41434123  156.2943322   170.06342692  202.86753973  301.6251846
  316.45897421  397.47650018  516.47773572  542.82174034  545.64174302
  558.51879608  592.34444047  615.5519115   668.25430853  698.22403088
  890.15686634  913.75280713  927.00394218  951.80845554 1005.14391439
 1005.63309853 1014.00677996 1064.88193035 1125.02280383 1125.78535557
 1159.49589781 1238.8012793  1246.16781691 1308.26542695 1311.28685839
 1316.23625085 1317.12829251 1361.6440491  1425.39625254 1548.8576964
 1551.01586172 1599.94866332 1602.20754302 1652.44963158 1654.40636814
 1706.21672349 1760.47299955 1761.5520822  1818.94489185 1876.94198778
 1894.43751461 2062.51542944 2076.16942201 2189.77524425 2196.60943442
 2238.65049478 2252.05989528 2409.74984106 2410.45484173 2470.66765405
 2493.29961433 2498.00441472 2530.11791463 4329.50982871 4329.74003301
 4339.71075677 4342.30055515 4348.41535688 4351.09148187 4358.05516196
 4361.01904233] in K,len:66


q_v: 1.5451659166336724e-78, E_v: 0.1846380433890429 in H/Particle, S_v: 32.563016022856814 in cal/(mol K),     C_v: 40.8917534237445 in cal/(mol K)


Zero Point correction: 0.17585941372612274 in H/Particle


Zero Point vibrational energy: 110353.4482163166 in cal/mol


q_t: 117954162.6094914, E_t: 0.0014162773014403315 in H/Particle, S_t: 41.9018047799289 in cal/(mol K),       C_t: 2.9808063879063096 in cal/(mol K)


q_e: 1, E_e: 0.0 in H/Particle, S_e: 0.0 in cal/(mol K),      C_e: 0 in cal/(mol K)
E_corr: 0.18747059799192356 in H/particle,      E_corr_cal:117639.5763481985 in cal/mol


S_corr: 107.57045794591494 in cal/(mol K)


H_corr: 0.18841478285955043 in H/Particle


G_corr: 0.1373045871378652 in H/Particle


C_corr: 46.853366199557115 in cal/(mol K)


Sum of electronic and zero-point Energies:     -33.42938538587388 in H/Particle
Sum of electronic and thermal Energies:     -33.417774201608076 in H/Particle


Sum of electronic and thermal Enthalpies:     -33.41683001674045 in H/Particle


Sum of electronic and thermal Free Energies:     -33.46794021246214 in H/Particle